2023-11-22 10:17:20,663 ERROR [读取参数] Execute
System.ArgumentOutOfRangeException: 索引超出范围。必须为非负值并小于集合大小。
参数名: index
   在 System.ThrowHelper.ThrowArgumentOutOfRangeException(ExceptionArgument argument, ExceptionResource resource)
   在 System.Collections.Generic.List`1.get_Item(Int32 index)
   在 IoTToolkit.ZTO.IoTParameter.OnPropertyChanged(String propertyName) 位置 C:\programming\Wayzim\CommonUtilities\IoTToolkit\IoTToolkit.Core\IoTParameter.ZTO.cs:行号 130
   在 Utilities.NotifyPropertyChanged.RaisePropertyChanged(String propertyName) 位置 C:\programming\Wayzim\CommonUtilities\Utilities2\Utilities\Model\NotifyPropertyChanged.cs:行号 26
   在 Utilities.NotifyPropertyChanged.SetProperty[T](T& field, T newValue, String propertyName) 位置 C:\programming\Wayzim\CommonUtilities\Utilities2\Utilities\Model\NotifyPropertyChanged.cs:行号 79
   在 IoTToolkit.ZTO.IoTParameter.set_ConveyorBeltNum(UInt16 value) 位置 C:\programming\Wayzim\CommonUtilities\IoTToolkit\IoTToolkit.Core\IoTParameter.ZTO.cs:行号 16
   在 IoTToolkit.ZTO.IoTParameter..ctor(Byte[] content) 位置 C:\programming\Wayzim\CommonUtilities\IoTToolkit\IoTToolkit.Core\IoTParameter.ZTO.cs:行号 47
   在 IoTToolkit.ZTO.IoTCommunicator.ReadParameter(UInt16 stationNo) 位置 C:\programming\Wayzim\CommonUtilities\IoTToolkit\IoTToolkit.Core\IoTCommunicator.ZTO.cs:行号 49
   在 IoTToolkit.ZTO.IoTToolkitVM.ReadParameter(UInt16 id)
   在 IoTToolkit.ZTO.IoTToolkitVM.ReadParameterCmdEx()
   在 Utilities.Windows.SimpleCommand.ExecuteCore(Object parameter) 位置 C:\programming\Wayzim\CommonUtilities\Utilities2\Utilities\Windows\SimpleCommand.cs:行号 162
   在 Utilities.Windows.SimpleCommand.Execute(Object parameter) 位置 C:\programming\Wayzim\CommonUtilities\Utilities2\Utilities\Windows\SimpleCommand.cs:行号 141
2023-11-22 10:17:20,673 ERROR 读取参数
System.ArgumentOutOfRangeException: 索引超出范围。必须为非负值并小于集合大小。
参数名: index
   在 System.ThrowHelper.ThrowArgumentOutOfRangeException(ExceptionArgument argument, ExceptionResource resource)
   在 System.Collections.Generic.List`1.get_Item(Int32 index)
   在 IoTToolkit.ZTO.IoTParameter.OnPropertyChanged(String propertyName) 位置 C:\programming\Wayzim\CommonUtilities\IoTToolkit\IoTToolkit.Core\IoTParameter.ZTO.cs:行号 130
   在 Utilities.NotifyPropertyChanged.RaisePropertyChanged(String propertyName) 位置 C:\programming\Wayzim\CommonUtilities\Utilities2\Utilities\Model\NotifyPropertyChanged.cs:行号 26
   在 Utilities.NotifyPropertyChanged.SetProperty[T](T& field, T newValue, String propertyName) 位置 C:\programming\Wayzim\CommonUtilities\Utilities2\Utilities\Model\NotifyPropertyChanged.cs:行号 79
   在 IoTToolkit.ZTO.IoTParameter.set_ConveyorBeltNum(UInt16 value) 位置 C:\programming\Wayzim\CommonUtilities\IoTToolkit\IoTToolkit.Core\IoTParameter.ZTO.cs:行号 16
   在 IoTToolkit.ZTO.IoTParameter..ctor(Byte[] content) 位置 C:\programming\Wayzim\CommonUtilities\IoTToolkit\IoTToolkit.Core\IoTParameter.ZTO.cs:行号 47
   在 IoTToolkit.ZTO.IoTCommunicator.ReadParameter(UInt16 stationNo) 位置 C:\programming\Wayzim\CommonUtilities\IoTToolkit\IoTToolkit.Core\IoTCommunicator.ZTO.cs:行号 49
   在 IoTToolkit.ZTO.IoTToolkitVM.ReadParameter(UInt16 id)
   在 IoTToolkit.ZTO.IoTToolkitVM.ReadParameterCmdEx()
   在 Utilities.Windows.SimpleCommand.ExecuteCore(Object parameter) 位置 C:\programming\Wayzim\CommonUtilities\Utilities2\Utilities\Windows\SimpleCommand.cs:行号 162
   在 Utilities.Windows.SimpleCommand.Execute(Object parameter) 位置 C:\programming\Wayzim\CommonUtilities\Utilities2\Utilities\Windows\SimpleCommand.cs:行号 141
2023-11-22 10:17:24,100 ERROR [读取参数] Execute
System.ArgumentOutOfRangeException: 索引超出范围。必须为非负值并小于集合大小。
参数名: index
   在 System.ThrowHelper.ThrowArgumentOutOfRangeException(ExceptionArgument argument, ExceptionResource resource)
   在 System.Collections.Generic.List`1.get_Item(Int32 index)
   在 IoTToolkit.ZTO.IoTParameter.OnPropertyChanged(String propertyName) 位置 C:\programming\Wayzim\CommonUtilities\IoTToolkit\IoTToolkit.Core\IoTParameter.ZTO.cs:行号 130
   在 Utilities.NotifyPropertyChanged.RaisePropertyChanged(String propertyName) 位置 C:\programming\Wayzim\CommonUtilities\Utilities2\Utilities\Model\NotifyPropertyChanged.cs:行号 26
   在 Utilities.NotifyPropertyChanged.SetProperty[T](T& field, T newValue, String propertyName) 位置 C:\programming\Wayzim\CommonUtilities\Utilities2\Utilities\Model\NotifyPropertyChanged.cs:行号 79
   在 IoTToolkit.ZTO.IoTParameter.set_ConveyorBeltNum(UInt16 value) 位置 C:\programming\Wayzim\CommonUtilities\IoTToolkit\IoTToolkit.Core\IoTParameter.ZTO.cs:行号 16
   在 IoTToolkit.ZTO.IoTParameter..ctor(Byte[] content) 位置 C:\programming\Wayzim\CommonUtilities\IoTToolkit\IoTToolkit.Core\IoTParameter.ZTO.cs:行号 47
   在 IoTToolkit.ZTO.IoTCommunicator.ReadParameter(UInt16 stationNo) 位置 C:\programming\Wayzim\CommonUtilities\IoTToolkit\IoTToolkit.Core\IoTCommunicator.ZTO.cs:行号 49
   在 IoTToolkit.ZTO.IoTToolkitVM.ReadParameter(UInt16 id)
   在 IoTToolkit.ZTO.IoTToolkitVM.ReadParameterCmdEx()
   在 Utilities.Windows.SimpleCommand.ExecuteCore(Object parameter) 位置 C:\programming\Wayzim\CommonUtilities\Utilities2\Utilities\Windows\SimpleCommand.cs:行号 162
   在 Utilities.Windows.SimpleCommand.Execute(Object parameter) 位置 C:\programming\Wayzim\CommonUtilities\Utilities2\Utilities\Windows\SimpleCommand.cs:行号 141
2023-11-22 10:17:24,102 ERROR 读取参数
System.ArgumentOutOfRangeException: 索引超出范围。必须为非负值并小于集合大小。
参数名: index
   在 System.ThrowHelper.ThrowArgumentOutOfRangeException(ExceptionArgument argument, ExceptionResource resource)
   在 System.Collections.Generic.List`1.get_Item(Int32 index)
   在 IoTToolkit.ZTO.IoTParameter.OnPropertyChanged(String propertyName) 位置 C:\programming\Wayzim\CommonUtilities\IoTToolkit\IoTToolkit.Core\IoTParameter.ZTO.cs:行号 130
   在 Utilities.NotifyPropertyChanged.RaisePropertyChanged(String propertyName) 位置 C:\programming\Wayzim\CommonUtilities\Utilities2\Utilities\Model\NotifyPropertyChanged.cs:行号 26
   在 Utilities.NotifyPropertyChanged.SetProperty[T](T& field, T newValue, String propertyName) 位置 C:\programming\Wayzim\CommonUtilities\Utilities2\Utilities\Model\NotifyPropertyChanged.cs:行号 79
   在 IoTToolkit.ZTO.IoTParameter.set_ConveyorBeltNum(UInt16 value) 位置 C:\programming\Wayzim\CommonUtilities\IoTToolkit\IoTToolkit.Core\IoTParameter.ZTO.cs:行号 16
   在 IoTToolkit.ZTO.IoTParameter..ctor(Byte[] content) 位置 C:\programming\Wayzim\CommonUtilities\IoTToolkit\IoTToolkit.Core\IoTParameter.ZTO.cs:行号 47
   在 IoTToolkit.ZTO.IoTCommunicator.ReadParameter(UInt16 stationNo) 位置 C:\programming\Wayzim\CommonUtilities\IoTToolkit\IoTToolkit.Core\IoTCommunicator.ZTO.cs:行号 49
   在 IoTToolkit.ZTO.IoTToolkitVM.ReadParameter(UInt16 id)
   在 IoTToolkit.ZTO.IoTToolkitVM.ReadParameterCmdEx()
   在 Utilities.Windows.SimpleCommand.ExecuteCore(Object parameter) 位置 C:\programming\Wayzim\CommonUtilities\Utilities2\Utilities\Windows\SimpleCommand.cs:行号 162
   在 Utilities.Windows.SimpleCommand.Execute(Object parameter) 位置 C:\programming\Wayzim\CommonUtilities\Utilities2\Utilities\Windows\SimpleCommand.cs:行号 141
2023-11-22 10:17:28,465 ERROR [读取参数] Execute
System.ArgumentOutOfRangeException: 索引超出范围。必须为非负值并小于集合大小。
参数名: index
   在 System.ThrowHelper.ThrowArgumentOutOfRangeException(ExceptionArgument argument, ExceptionResource resource)
   在 System.Collections.Generic.List`1.get_Item(Int32 index)
   在 IoTToolkit.ZTO.IoTParameter.OnPropertyChanged(String propertyName) 位置 C:\programming\Wayzim\CommonUtilities\IoTToolkit\IoTToolkit.Core\IoTParameter.ZTO.cs:行号 130
   在 Utilities.NotifyPropertyChanged.RaisePropertyChanged(String propertyName) 位置 C:\programming\Wayzim\CommonUtilities\Utilities2\Utilities\Model\NotifyPropertyChanged.cs:行号 26
   在 Utilities.NotifyPropertyChanged.SetProperty[T](T& field, T newValue, String propertyName) 位置 C:\programming\Wayzim\CommonUtilities\Utilities2\Utilities\Model\NotifyPropertyChanged.cs:行号 79
   在 IoTToolkit.ZTO.IoTParameter.set_ConveyorBeltNum(UInt16 value) 位置 C:\programming\Wayzim\CommonUtilities\IoTToolkit\IoTToolkit.Core\IoTParameter.ZTO.cs:行号 16
   在 IoTToolkit.ZTO.IoTParameter..ctor(Byte[] content) 位置 C:\programming\Wayzim\CommonUtilities\IoTToolkit\IoTToolkit.Core\IoTParameter.ZTO.cs:行号 47
   在 IoTToolkit.ZTO.IoTCommunicator.ReadParameter(UInt16 stationNo) 位置 C:\programming\Wayzim\CommonUtilities\IoTToolkit\IoTToolkit.Core\IoTCommunicator.ZTO.cs:行号 49
   在 IoTToolkit.ZTO.IoTToolkitVM.ReadParameter(UInt16 id)
   在 IoTToolkit.ZTO.IoTToolkitVM.ReadParameterCmdEx()
   在 Utilities.Windows.SimpleCommand.ExecuteCore(Object parameter) 位置 C:\programming\Wayzim\CommonUtilities\Utilities2\Utilities\Windows\SimpleCommand.cs:行号 162
   在 Utilities.Windows.SimpleCommand.Execute(Object parameter) 位置 C:\programming\Wayzim\CommonUtilities\Utilities2\Utilities\Windows\SimpleCommand.cs:行号 141
2023-11-22 10:17:28,465 ERROR 读取参数
System.ArgumentOutOfRangeException: 索引超出范围。必须为非负值并小于集合大小。
参数名: index
   在 System.ThrowHelper.ThrowArgumentOutOfRangeException(ExceptionArgument argument, ExceptionResource resource)
   在 System.Collections.Generic.List`1.get_Item(Int32 index)
   在 IoTToolkit.ZTO.IoTParameter.OnPropertyChanged(String propertyName) 位置 C:\programming\Wayzim\CommonUtilities\IoTToolkit\IoTToolkit.Core\IoTParameter.ZTO.cs:行号 130
   在 Utilities.NotifyPropertyChanged.RaisePropertyChanged(String propertyName) 位置 C:\programming\Wayzim\CommonUtilities\Utilities2\Utilities\Model\NotifyPropertyChanged.cs:行号 26
   在 Utilities.NotifyPropertyChanged.SetProperty[T](T& field, T newValue, String propertyName) 位置 C:\programming\Wayzim\CommonUtilities\Utilities2\Utilities\Model\NotifyPropertyChanged.cs:行号 79
   在 IoTToolkit.ZTO.IoTParameter.set_ConveyorBeltNum(UInt16 value) 位置 C:\programming\Wayzim\CommonUtilities\IoTToolkit\IoTToolkit.Core\IoTParameter.ZTO.cs:行号 16
   在 IoTToolkit.ZTO.IoTParameter..ctor(Byte[] content) 位置 C:\programming\Wayzim\CommonUtilities\IoTToolkit\IoTToolkit.Core\IoTParameter.ZTO.cs:行号 47
   在 IoTToolkit.ZTO.IoTCommunicator.ReadParameter(UInt16 stationNo) 位置 C:\programming\Wayzim\CommonUtilities\IoTToolkit\IoTToolkit.Core\IoTCommunicator.ZTO.cs:行号 49
   在 IoTToolkit.ZTO.IoTToolkitVM.ReadParameter(UInt16 id)
   在 IoTToolkit.ZTO.IoTToolkitVM.ReadParameterCmdEx()
   在 Utilities.Windows.SimpleCommand.ExecuteCore(Object parameter) 位置 C:\programming\Wayzim\CommonUtilities\Utilities2\Utilities\Windows\SimpleCommand.cs:行号 162
   在 Utilities.Windows.SimpleCommand.Execute(Object parameter) 位置 C:\programming\Wayzim\CommonUtilities\Utilities2\Utilities\Windows\SimpleCommand.cs:行号 141
2023-11-22 10:17:50,376 ERROR [读取参数] Execute
System.ArgumentOutOfRangeException: 索引超出范围。必须为非负值并小于集合大小。
参数名: index
   在 System.ThrowHelper.ThrowArgumentOutOfRangeException(ExceptionArgument argument, ExceptionResource resource)
   在 System.Collections.Generic.List`1.get_Item(Int32 index)
   在 IoTToolkit.ZTO.IoTParameter.OnPropertyChanged(String propertyName) 位置 C:\programming\Wayzim\CommonUtilities\IoTToolkit\IoTToolkit.Core\IoTParameter.ZTO.cs:行号 130
   在 Utilities.NotifyPropertyChanged.RaisePropertyChanged(String propertyName) 位置 C:\programming\Wayzim\CommonUtilities\Utilities2\Utilities\Model\NotifyPropertyChanged.cs:行号 26
   在 Utilities.NotifyPropertyChanged.SetProperty[T](T& field, T newValue, String propertyName) 位置 C:\programming\Wayzim\CommonUtilities\Utilities2\Utilities\Model\NotifyPropertyChanged.cs:行号 79
   在 IoTToolkit.ZTO.IoTParameter.set_ConveyorBeltNum(UInt16 value) 位置 C:\programming\Wayzim\CommonUtilities\IoTToolkit\IoTToolkit.Core\IoTParameter.ZTO.cs:行号 16
   在 IoTToolkit.ZTO.IoTParameter..ctor(Byte[] content) 位置 C:\programming\Wayzim\CommonUtilities\IoTToolkit\IoTToolkit.Core\IoTParameter.ZTO.cs:行号 47
   在 IoTToolkit.ZTO.IoTCommunicator.ReadParameter(UInt16 stationNo) 位置 C:\programming\Wayzim\CommonUtilities\IoTToolkit\IoTToolkit.Core\IoTCommunicator.ZTO.cs:行号 49
   在 IoTToolkit.ZTO.IoTToolkitVM.ReadParameter(UInt16 id)
   在 IoTToolkit.ZTO.IoTToolkitVM.ReadParameterCmdEx()
   在 Utilities.Windows.SimpleCommand.ExecuteCore(Object parameter) 位置 C:\programming\Wayzim\CommonUtilities\Utilities2\Utilities\Windows\SimpleCommand.cs:行号 162
   在 Utilities.Windows.SimpleCommand.Execute(Object parameter) 位置 C:\programming\Wayzim\CommonUtilities\Utilities2\Utilities\Windows\SimpleCommand.cs:行号 141
2023-11-22 10:17:50,377 ERROR 读取参数
System.ArgumentOutOfRangeException: 索引超出范围。必须为非负值并小于集合大小。
参数名: index
   在 System.ThrowHelper.ThrowArgumentOutOfRangeException(ExceptionArgument argument, ExceptionResource resource)
   在 System.Collections.Generic.List`1.get_Item(Int32 index)
   在 IoTToolkit.ZTO.IoTParameter.OnPropertyChanged(String propertyName) 位置 C:\programming\Wayzim\CommonUtilities\IoTToolkit\IoTToolkit.Core\IoTParameter.ZTO.cs:行号 130
   在 Utilities.NotifyPropertyChanged.RaisePropertyChanged(String propertyName) 位置 C:\programming\Wayzim\CommonUtilities\Utilities2\Utilities\Model\NotifyPropertyChanged.cs:行号 26
   在 Utilities.NotifyPropertyChanged.SetProperty[T](T& field, T newValue, String propertyName) 位置 C:\programming\Wayzim\CommonUtilities\Utilities2\Utilities\Model\NotifyPropertyChanged.cs:行号 79
   在 IoTToolkit.ZTO.IoTParameter.set_ConveyorBeltNum(UInt16 value) 位置 C:\programming\Wayzim\CommonUtilities\IoTToolkit\IoTToolkit.Core\IoTParameter.ZTO.cs:行号 16
   在 IoTToolkit.ZTO.IoTParameter..ctor(Byte[] content) 位置 C:\programming\Wayzim\CommonUtilities\IoTToolkit\IoTToolkit.Core\IoTParameter.ZTO.cs:行号 47
   在 IoTToolkit.ZTO.IoTCommunicator.ReadParameter(UInt16 stationNo) 位置 C:\programming\Wayzim\CommonUtilities\IoTToolkit\IoTToolkit.Core\IoTCommunicator.ZTO.cs:行号 49
   在 IoTToolkit.ZTO.IoTToolkitVM.ReadParameter(UInt16 id)
   在 IoTToolkit.ZTO.IoTToolkitVM.ReadParameterCmdEx()
   在 Utilities.Windows.SimpleCommand.ExecuteCore(Object parameter) 位置 C:\programming\Wayzim\CommonUtilities\Utilities2\Utilities\Windows\SimpleCommand.cs:行号 162
   在 Utilities.Windows.SimpleCommand.Execute(Object parameter) 位置 C:\programming\Wayzim\CommonUtilities\Utilities2\Utilities\Windows\SimpleCommand.cs:行号 141
2023-11-22 10:18:00,843 ERROR [读取参数] Execute
System.ArgumentOutOfRangeException: 索引超出范围。必须为非负值并小于集合大小。
参数名: index
   在 System.ThrowHelper.ThrowArgumentOutOfRangeException(ExceptionArgument argument, ExceptionResource resource)
   在 System.Collections.Generic.List`1.get_Item(Int32 index)
   在 IoTToolkit.ZTO.IoTParameter.OnPropertyChanged(String propertyName) 位置 C:\programming\Wayzim\CommonUtilities\IoTToolkit\IoTToolkit.Core\IoTParameter.ZTO.cs:行号 130
   在 Utilities.NotifyPropertyChanged.RaisePropertyChanged(String propertyName) 位置 C:\programming\Wayzim\CommonUtilities\Utilities2\Utilities\Model\NotifyPropertyChanged.cs:行号 26
   在 Utilities.NotifyPropertyChanged.SetProperty[T](T& field, T newValue, String propertyName) 位置 C:\programming\Wayzim\CommonUtilities\Utilities2\Utilities\Model\NotifyPropertyChanged.cs:行号 79
   在 IoTToolkit.ZTO.IoTParameter.set_ConveyorBeltNum(UInt16 value) 位置 C:\programming\Wayzim\CommonUtilities\IoTToolkit\IoTToolkit.Core\IoTParameter.ZTO.cs:行号 16
   在 IoTToolkit.ZTO.IoTParameter..ctor(Byte[] content) 位置 C:\programming\Wayzim\CommonUtilities\IoTToolkit\IoTToolkit.Core\IoTParameter.ZTO.cs:行号 47
   在 IoTToolkit.ZTO.IoTCommunicator.ReadParameter(UInt16 stationNo) 位置 C:\programming\Wayzim\CommonUtilities\IoTToolkit\IoTToolkit.Core\IoTCommunicator.ZTO.cs:行号 49
   在 IoTToolkit.ZTO.IoTToolkitVM.ReadParameter(UInt16 id)
   在 IoTToolkit.ZTO.IoTToolkitVM.ReadParameterCmdEx()
   在 Utilities.Windows.SimpleCommand.ExecuteCore(Object parameter) 位置 C:\programming\Wayzim\CommonUtilities\Utilities2\Utilities\Windows\SimpleCommand.cs:行号 162
   在 Utilities.Windows.SimpleCommand.Execute(Object parameter) 位置 C:\programming\Wayzim\CommonUtilities\Utilities2\Utilities\Windows\SimpleCommand.cs:行号 141
2023-11-22 10:18:00,843 ERROR 读取参数
System.ArgumentOutOfRangeException: 索引超出范围。必须为非负值并小于集合大小。
参数名: index
   在 System.ThrowHelper.ThrowArgumentOutOfRangeException(ExceptionArgument argument, ExceptionResource resource)
   在 System.Collections.Generic.List`1.get_Item(Int32 index)
   在 IoTToolkit.ZTO.IoTParameter.OnPropertyChanged(String propertyName) 位置 C:\programming\Wayzim\CommonUtilities\IoTToolkit\IoTToolkit.Core\IoTParameter.ZTO.cs:行号 130
   在 Utilities.NotifyPropertyChanged.RaisePropertyChanged(String propertyName) 位置 C:\programming\Wayzim\CommonUtilities\Utilities2\Utilities\Model\NotifyPropertyChanged.cs:行号 26
   在 Utilities.NotifyPropertyChanged.SetProperty[T](T& field, T newValue, String propertyName) 位置 C:\programming\Wayzim\CommonUtilities\Utilities2\Utilities\Model\NotifyPropertyChanged.cs:行号 79
   在 IoTToolkit.ZTO.IoTParameter.set_ConveyorBeltNum(UInt16 value) 位置 C:\programming\Wayzim\CommonUtilities\IoTToolkit\IoTToolkit.Core\IoTParameter.ZTO.cs:行号 16
   在 IoTToolkit.ZTO.IoTParameter..ctor(Byte[] content) 位置 C:\programming\Wayzim\CommonUtilities\IoTToolkit\IoTToolkit.Core\IoTParameter.ZTO.cs:行号 47
   在 IoTToolkit.ZTO.IoTCommunicator.ReadParameter(UInt16 stationNo) 位置 C:\programming\Wayzim\CommonUtilities\IoTToolkit\IoTToolkit.Core\IoTCommunicator.ZTO.cs:行号 49
   在 IoTToolkit.ZTO.IoTToolkitVM.ReadParameter(UInt16 id)
   在 IoTToolkit.ZTO.IoTToolkitVM.ReadParameterCmdEx()
   在 Utilities.Windows.SimpleCommand.ExecuteCore(Object parameter) 位置 C:\programming\Wayzim\CommonUtilities\Utilities2\Utilities\Windows\SimpleCommand.cs:行号 162
   在 Utilities.Windows.SimpleCommand.Execute(Object parameter) 位置 C:\programming\Wayzim\CommonUtilities\Utilities2\Utilities\Windows\SimpleCommand.cs:行号 141
2023-11-22 10:18:13,470 ERROR [读取参数] Execute
System.ArgumentOutOfRangeException: 索引超出范围。必须为非负值并小于集合大小。
参数名: index
   在 System.ThrowHelper.ThrowArgumentOutOfRangeException(ExceptionArgument argument, ExceptionResource resource)
   在 System.Collections.Generic.List`1.get_Item(Int32 index)
   在 IoTToolkit.ZTO.IoTParameter.OnPropertyChanged(String propertyName) 位置 C:\programming\Wayzim\CommonUtilities\IoTToolkit\IoTToolkit.Core\IoTParameter.ZTO.cs:行号 130
   在 Utilities.NotifyPropertyChanged.RaisePropertyChanged(String propertyName) 位置 C:\programming\Wayzim\CommonUtilities\Utilities2\Utilities\Model\NotifyPropertyChanged.cs:行号 26
   在 Utilities.NotifyPropertyChanged.SetProperty[T](T& field, T newValue, String propertyName) 位置 C:\programming\Wayzim\CommonUtilities\Utilities2\Utilities\Model\NotifyPropertyChanged.cs:行号 79
   在 IoTToolkit.ZTO.IoTParameter.set_ConveyorBeltNum(UInt16 value) 位置 C:\programming\Wayzim\CommonUtilities\IoTToolkit\IoTToolkit.Core\IoTParameter.ZTO.cs:行号 16
   在 IoTToolkit.ZTO.IoTParameter..ctor(Byte[] content) 位置 C:\programming\Wayzim\CommonUtilities\IoTToolkit\IoTToolkit.Core\IoTParameter.ZTO.cs:行号 47
   在 IoTToolkit.ZTO.IoTCommunicator.ReadParameter(UInt16 stationNo) 位置 C:\programming\Wayzim\CommonUtilities\IoTToolkit\IoTToolkit.Core\IoTCommunicator.ZTO.cs:行号 49
   在 IoTToolkit.ZTO.IoTToolkitVM.ReadParameter(UInt16 id)
   在 IoTToolkit.ZTO.IoTToolkitVM.ReadParameterCmdEx()
   在 Utilities.Windows.SimpleCommand.ExecuteCore(Object parameter) 位置 C:\programming\Wayzim\CommonUtilities\Utilities2\Utilities\Windows\SimpleCommand.cs:行号 162
   在 Utilities.Windows.SimpleCommand.Execute(Object parameter) 位置 C:\programming\Wayzim\CommonUtilities\Utilities2\Utilities\Windows\SimpleCommand.cs:行号 141
2023-11-22 10:18:13,471 ERROR 读取参数
System.ArgumentOutOfRangeException: 索引超出范围。必须为非负值并小于集合大小。
参数名: index
   在 System.ThrowHelper.ThrowArgumentOutOfRangeException(ExceptionArgument argument, ExceptionResource resource)
   在 System.Collections.Generic.List`1.get_Item(Int32 index)
   在 IoTToolkit.ZTO.IoTParameter.OnPropertyChanged(String propertyName) 位置 C:\programming\Wayzim\CommonUtilities\IoTToolkit\IoTToolkit.Core\IoTParameter.ZTO.cs:行号 130
   在 Utilities.NotifyPropertyChanged.RaisePropertyChanged(String propertyName) 位置 C:\programming\Wayzim\CommonUtilities\Utilities2\Utilities\Model\NotifyPropertyChanged.cs:行号 26
   在 Utilities.NotifyPropertyChanged.SetProperty[T](T& field, T newValue, String propertyName) 位置 C:\programming\Wayzim\CommonUtilities\Utilities2\Utilities\Model\NotifyPropertyChanged.cs:行号 79
   在 IoTToolkit.ZTO.IoTParameter.set_ConveyorBeltNum(UInt16 value) 位置 C:\programming\Wayzim\CommonUtilities\IoTToolkit\IoTToolkit.Core\IoTParameter.ZTO.cs:行号 16
   在 IoTToolkit.ZTO.IoTParameter..ctor(Byte[] content) 位置 C:\programming\Wayzim\CommonUtilities\IoTToolkit\IoTToolkit.Core\IoTParameter.ZTO.cs:行号 47
   在 IoTToolkit.ZTO.IoTCommunicator.ReadParameter(UInt16 stationNo) 位置 C:\programming\Wayzim\CommonUtilities\IoTToolkit\IoTToolkit.Core\IoTCommunicator.ZTO.cs:行号 49
   在 IoTToolkit.ZTO.IoTToolkitVM.ReadParameter(UInt16 id)
   在 IoTToolkit.ZTO.IoTToolkitVM.ReadParameterCmdEx()
   在 Utilities.Windows.SimpleCommand.ExecuteCore(Object parameter) 位置 C:\programming\Wayzim\CommonUtilities\Utilities2\Utilities\Windows\SimpleCommand.cs:行号 162
   在 Utilities.Windows.SimpleCommand.Execute(Object parameter) 位置 C:\programming\Wayzim\CommonUtilities\Utilities2\Utilities\Windows\SimpleCommand.cs:行号 141
2023-11-22 10:18:18,241 ERROR [读取参数] Execute
System.ArgumentOutOfRangeException: 索引超出范围。必须为非负值并小于集合大小。
参数名: index
   在 System.ThrowHelper.ThrowArgumentOutOfRangeException(ExceptionArgument argument, ExceptionResource resource)
   在 System.Collections.Generic.List`1.get_Item(Int32 index)
   在 IoTToolkit.ZTO.IoTParameter.OnPropertyChanged(String propertyName) 位置 C:\programming\Wayzim\CommonUtilities\IoTToolkit\IoTToolkit.Core\IoTParameter.ZTO.cs:行号 130
   在 Utilities.NotifyPropertyChanged.RaisePropertyChanged(String propertyName) 位置 C:\programming\Wayzim\CommonUtilities\Utilities2\Utilities\Model\NotifyPropertyChanged.cs:行号 26
   在 Utilities.NotifyPropertyChanged.SetProperty[T](T& field, T newValue, String propertyName) 位置 C:\programming\Wayzim\CommonUtilities\Utilities2\Utilities\Model\NotifyPropertyChanged.cs:行号 79
   在 IoTToolkit.ZTO.IoTParameter.set_ConveyorBeltNum(UInt16 value) 位置 C:\programming\Wayzim\CommonUtilities\IoTToolkit\IoTToolkit.Core\IoTParameter.ZTO.cs:行号 16
   在 IoTToolkit.ZTO.IoTParameter..ctor(Byte[] content) 位置 C:\programming\Wayzim\CommonUtilities\IoTToolkit\IoTToolkit.Core\IoTParameter.ZTO.cs:行号 47
   在 IoTToolkit.ZTO.IoTCommunicator.ReadParameter(UInt16 stationNo) 位置 C:\programming\Wayzim\CommonUtilities\IoTToolkit\IoTToolkit.Core\IoTCommunicator.ZTO.cs:行号 49
   在 IoTToolkit.ZTO.IoTToolkitVM.ReadParameter(UInt16 id)
   在 IoTToolkit.ZTO.IoTToolkitVM.ReadParameterCmdEx()
   在 Utilities.Windows.SimpleCommand.ExecuteCore(Object parameter) 位置 C:\programming\Wayzim\CommonUtilities\Utilities2\Utilities\Windows\SimpleCommand.cs:行号 162
   在 Utilities.Windows.SimpleCommand.Execute(Object parameter) 位置 C:\programming\Wayzim\CommonUtilities\Utilities2\Utilities\Windows\SimpleCommand.cs:行号 141
2023-11-22 10:18:18,241 ERROR 读取参数
System.ArgumentOutOfRangeException: 索引超出范围。必须为非负值并小于集合大小。
参数名: index
   在 System.ThrowHelper.ThrowArgumentOutOfRangeException(ExceptionArgument argument, ExceptionResource resource)
   在 System.Collections.Generic.List`1.get_Item(Int32 index)
   在 IoTToolkit.ZTO.IoTParameter.OnPropertyChanged(String propertyName) 位置 C:\programming\Wayzim\CommonUtilities\IoTToolkit\IoTToolkit.Core\IoTParameter.ZTO.cs:行号 130
   在 Utilities.NotifyPropertyChanged.RaisePropertyChanged(String propertyName) 位置 C:\programming\Wayzim\CommonUtilities\Utilities2\Utilities\Model\NotifyPropertyChanged.cs:行号 26
   在 Utilities.NotifyPropertyChanged.SetProperty[T](T& field, T newValue, String propertyName) 位置 C:\programming\Wayzim\CommonUtilities\Utilities2\Utilities\Model\NotifyPropertyChanged.cs:行号 79
   在 IoTToolkit.ZTO.IoTParameter.set_ConveyorBeltNum(UInt16 value) 位置 C:\programming\Wayzim\CommonUtilities\IoTToolkit\IoTToolkit.Core\IoTParameter.ZTO.cs:行号 16
   在 IoTToolkit.ZTO.IoTParameter..ctor(Byte[] content) 位置 C:\programming\Wayzim\CommonUtilities\IoTToolkit\IoTToolkit.Core\IoTParameter.ZTO.cs:行号 47
   在 IoTToolkit.ZTO.IoTCommunicator.ReadParameter(UInt16 stationNo) 位置 C:\programming\Wayzim\CommonUtilities\IoTToolkit\IoTToolkit.Core\IoTCommunicator.ZTO.cs:行号 49
   在 IoTToolkit.ZTO.IoTToolkitVM.ReadParameter(UInt16 id)
   在 IoTToolkit.ZTO.IoTToolkitVM.ReadParameterCmdEx()
   在 Utilities.Windows.SimpleCommand.ExecuteCore(Object parameter) 位置 C:\programming\Wayzim\CommonUtilities\Utilities2\Utilities\Windows\SimpleCommand.cs:行号 162
   在 Utilities.Windows.SimpleCommand.Execute(Object parameter) 位置 C:\programming\Wayzim\CommonUtilities\Utilities2\Utilities\Windows\SimpleCommand.cs:行号 141
2023-11-22 10:18:31,672 ERROR [读取参数] Execute
System.ArgumentOutOfRangeException: 索引超出范围。必须为非负值并小于集合大小。
参数名: index
   在 System.ThrowHelper.ThrowArgumentOutOfRangeException(ExceptionArgument argument, ExceptionResource resource)
   在 System.Collections.Generic.List`1.get_Item(Int32 index)
   在 IoTToolkit.ZTO.IoTParameter.OnPropertyChanged(String propertyName) 位置 C:\programming\Wayzim\CommonUtilities\IoTToolkit\IoTToolkit.Core\IoTParameter.ZTO.cs:行号 130
   在 Utilities.NotifyPropertyChanged.RaisePropertyChanged(String propertyName) 位置 C:\programming\Wayzim\CommonUtilities\Utilities2\Utilities\Model\NotifyPropertyChanged.cs:行号 26
   在 Utilities.NotifyPropertyChanged.SetProperty[T](T& field, T newValue, String propertyName) 位置 C:\programming\Wayzim\CommonUtilities\Utilities2\Utilities\Model\NotifyPropertyChanged.cs:行号 79
   在 IoTToolkit.ZTO.IoTParameter.set_ConveyorBeltNum(UInt16 value) 位置 C:\programming\Wayzim\CommonUtilities\IoTToolkit\IoTToolkit.Core\IoTParameter.ZTO.cs:行号 16
   在 IoTToolkit.ZTO.IoTParameter..ctor(Byte[] content) 位置 C:\programming\Wayzim\CommonUtilities\IoTToolkit\IoTToolkit.Core\IoTParameter.ZTO.cs:行号 47
   在 IoTToolkit.ZTO.IoTCommunicator.ReadParameter(UInt16 stationNo) 位置 C:\programming\Wayzim\CommonUtilities\IoTToolkit\IoTToolkit.Core\IoTCommunicator.ZTO.cs:行号 49
   在 IoTToolkit.ZTO.IoTToolkitVM.ReadParameter(UInt16 id)
   在 IoTToolkit.ZTO.IoTToolkitVM.ReadParameterCmdEx()
   在 Utilities.Windows.SimpleCommand.ExecuteCore(Object parameter) 位置 C:\programming\Wayzim\CommonUtilities\Utilities2\Utilities\Windows\SimpleCommand.cs:行号 162
   在 Utilities.Windows.SimpleCommand.Execute(Object parameter) 位置 C:\programming\Wayzim\CommonUtilities\Utilities2\Utilities\Windows\SimpleCommand.cs:行号 141
2023-11-22 10:18:31,672 ERROR 读取参数
System.ArgumentOutOfRangeException: 索引超出范围。必须为非负值并小于集合大小。
参数名: index
   在 System.ThrowHelper.ThrowArgumentOutOfRangeException(ExceptionArgument argument, ExceptionResource resource)
   在 System.Collections.Generic.List`1.get_Item(Int32 index)
   在 IoTToolkit.ZTO.IoTParameter.OnPropertyChanged(String propertyName) 位置 C:\programming\Wayzim\CommonUtilities\IoTToolkit\IoTToolkit.Core\IoTParameter.ZTO.cs:行号 130
   在 Utilities.NotifyPropertyChanged.RaisePropertyChanged(String propertyName) 位置 C:\programming\Wayzim\CommonUtilities\Utilities2\Utilities\Model\NotifyPropertyChanged.cs:行号 26
   在 Utilities.NotifyPropertyChanged.SetProperty[T](T& field, T newValue, String propertyName) 位置 C:\programming\Wayzim\CommonUtilities\Utilities2\Utilities\Model\NotifyPropertyChanged.cs:行号 79
   在 IoTToolkit.ZTO.IoTParameter.set_ConveyorBeltNum(UInt16 value) 位置 C:\programming\Wayzim\CommonUtilities\IoTToolkit\IoTToolkit.Core\IoTParameter.ZTO.cs:行号 16
   在 IoTToolkit.ZTO.IoTParameter..ctor(Byte[] content) 位置 C:\programming\Wayzim\CommonUtilities\IoTToolkit\IoTToolkit.Core\IoTParameter.ZTO.cs:行号 47
   在 IoTToolkit.ZTO.IoTCommunicator.ReadParameter(UInt16 stationNo) 位置 C:\programming\Wayzim\CommonUtilities\IoTToolkit\IoTToolkit.Core\IoTCommunicator.ZTO.cs:行号 49
   在 IoTToolkit.ZTO.IoTToolkitVM.ReadParameter(UInt16 id)
   在 IoTToolkit.ZTO.IoTToolkitVM.ReadParameterCmdEx()
   在 Utilities.Windows.SimpleCommand.ExecuteCore(Object parameter) 位置 C:\programming\Wayzim\CommonUtilities\Utilities2\Utilities\Windows\SimpleCommand.cs:行号 162
   在 Utilities.Windows.SimpleCommand.Execute(Object parameter) 位置 C:\programming\Wayzim\CommonUtilities\Utilities2\Utilities\Windows\SimpleCommand.cs:行号 141
2023-11-22 10:18:39,548 ERROR [读取参数] Execute
System.ArgumentOutOfRangeException: 索引超出范围。必须为非负值并小于集合大小。
参数名: index
   在 System.ThrowHelper.ThrowArgumentOutOfRangeException(ExceptionArgument argument, ExceptionResource resource)
   在 System.Collections.Generic.List`1.get_Item(Int32 index)
   在 IoTToolkit.ZTO.IoTParameter.OnPropertyChanged(String propertyName) 位置 C:\programming\Wayzim\CommonUtilities\IoTToolkit\IoTToolkit.Core\IoTParameter.ZTO.cs:行号 130
   在 Utilities.NotifyPropertyChanged.RaisePropertyChanged(String propertyName) 位置 C:\programming\Wayzim\CommonUtilities\Utilities2\Utilities\Model\NotifyPropertyChanged.cs:行号 26
   在 Utilities.NotifyPropertyChanged.SetProperty[T](T& field, T newValue, String propertyName) 位置 C:\programming\Wayzim\CommonUtilities\Utilities2\Utilities\Model\NotifyPropertyChanged.cs:行号 79
   在 IoTToolkit.ZTO.IoTParameter.set_ConveyorBeltNum(UInt16 value) 位置 C:\programming\Wayzim\CommonUtilities\IoTToolkit\IoTToolkit.Core\IoTParameter.ZTO.cs:行号 16
   在 IoTToolkit.ZTO.IoTParameter..ctor(Byte[] content) 位置 C:\programming\Wayzim\CommonUtilities\IoTToolkit\IoTToolkit.Core\IoTParameter.ZTO.cs:行号 47
   在 IoTToolkit.ZTO.IoTCommunicator.ReadParameter(UInt16 stationNo) 位置 C:\programming\Wayzim\CommonUtilities\IoTToolkit\IoTToolkit.Core\IoTCommunicator.ZTO.cs:行号 49
   在 IoTToolkit.ZTO.IoTToolkitVM.ReadParameter(UInt16 id)
   在 IoTToolkit.ZTO.IoTToolkitVM.ReadParameterCmdEx()
   在 Utilities.Windows.SimpleCommand.ExecuteCore(Object parameter) 位置 C:\programming\Wayzim\CommonUtilities\Utilities2\Utilities\Windows\SimpleCommand.cs:行号 162
   在 Utilities.Windows.SimpleCommand.Execute(Object parameter) 位置 C:\programming\Wayzim\CommonUtilities\Utilities2\Utilities\Windows\SimpleCommand.cs:行号 141
2023-11-22 10:18:39,548 ERROR 读取参数
System.ArgumentOutOfRangeException: 索引超出范围。必须为非负值并小于集合大小。
参数名: index
   在 System.ThrowHelper.ThrowArgumentOutOfRangeException(ExceptionArgument argument, ExceptionResource resource)
   在 System.Collections.Generic.List`1.get_Item(Int32 index)
   在 IoTToolkit.ZTO.IoTParameter.OnPropertyChanged(String propertyName) 位置 C:\programming\Wayzim\CommonUtilities\IoTToolkit\IoTToolkit.Core\IoTParameter.ZTO.cs:行号 130
   在 Utilities.NotifyPropertyChanged.RaisePropertyChanged(String propertyName) 位置 C:\programming\Wayzim\CommonUtilities\Utilities2\Utilities\Model\NotifyPropertyChanged.cs:行号 26
   在 Utilities.NotifyPropertyChanged.SetProperty[T](T& field, T newValue, String propertyName) 位置 C:\programming\Wayzim\CommonUtilities\Utilities2\Utilities\Model\NotifyPropertyChanged.cs:行号 79
   在 IoTToolkit.ZTO.IoTParameter.set_ConveyorBeltNum(UInt16 value) 位置 C:\programming\Wayzim\CommonUtilities\IoTToolkit\IoTToolkit.Core\IoTParameter.ZTO.cs:行号 16
   在 IoTToolkit.ZTO.IoTParameter..ctor(Byte[] content) 位置 C:\programming\Wayzim\CommonUtilities\IoTToolkit\IoTToolkit.Core\IoTParameter.ZTO.cs:行号 47
   在 IoTToolkit.ZTO.IoTCommunicator.ReadParameter(UInt16 stationNo) 位置 C:\programming\Wayzim\CommonUtilities\IoTToolkit\IoTToolkit.Core\IoTCommunicator.ZTO.cs:行号 49
   在 IoTToolkit.ZTO.IoTToolkitVM.ReadParameter(UInt16 id)
   在 IoTToolkit.ZTO.IoTToolkitVM.ReadParameterCmdEx()
   在 Utilities.Windows.SimpleCommand.ExecuteCore(Object parameter) 位置 C:\programming\Wayzim\CommonUtilities\Utilities2\Utilities\Windows\SimpleCommand.cs:行号 162
   在 Utilities.Windows.SimpleCommand.Execute(Object parameter) 位置 C:\programming\Wayzim\CommonUtilities\Utilities2\Utilities\Windows\SimpleCommand.cs:行号 141
