2024-01-26 14:07:15,305 DEBUG ====================Utility Initializing====================
2024-01-26 14:07:15,612 DEBUG [Performance] Start logging
2024-01-26 14:07:15,623 DEBUG [AssemblyVersion]
HandyControl, Version=3.2.0.0, Culture=neutral, PublicKeyToken=45be8712787a1e5b, InDebug=False
IoTToolkit.Core, Version=1.0.12.1, Culture=neutral, PublicKeyToken=null, InDebug=True
IoTToolkit.ZTO, Version=1.0.10.1, Culture=neutral, PublicKeyToken=null, InDebug=True
log4net, Version=2.0.7.0, Culture=neutral, PublicKeyToken=669e0ddf0bb1aa2a, InDebug=False
ScadaCommunicator, Version=1.6.24.0, Culture=neutral, PublicKeyToken=null, InDebug=True
Utilities, Version=2.5.22.1, Culture=neutral, PublicKeyToken=null, InDebug=True
Utilities.Log, Version=1.0.7.0, Culture=neutral, PublicKeyToken=null, InDebug=True
2024-01-26 14:07:15,864 DEBUG [SynapticsVirusDetector]检查了53个文件
2024-01-26 14:07:15,864 DEBUG [SynapticsVirusDetector]检测耗时252.3979ms
2024-01-26 14:07:15,865 DEBUG FrameworkVersion = 4.8
2024-01-26 14:07:16,687 DEBUG [SystemInfo] CPU=12th Gen Intel(R) Core(TM) i7-12700H, ProcessorCount=20, RAM=15.69
2024-01-26 14:07:16,691 DEBUG [Performance]	CPU=0.00%	RAM=10.17used/15.69G	Page=15.76used/24.19G	C=175.55used/235.44G	D=56.82used/131.39G	F=55.09used/300.00G	G=47.90used/200.00G	H=18.28used/250.00G	I=22.54used/50.00G
Name=IoTToolkit.ZTO	Trd=26	RAM=162.12M|177.53M	PT=0.13|0.09|3.37s	CPU=NaN|NaN	Responding=True
2024-01-26 14:07:45,634 DEBUG [Performance]	CPU=0.73%	RAM=10.19used/15.69G	Page=15.74used/24.19G	C=175.55used/235.44G	D=56.82used/131.39G	F=55.09used/300.00G	G=47.90used/200.00G	H=18.28used/250.00G	I=22.54used/50.00G
Name=IoTToolkit.ZTO	Trd=21	RAM=228.09M|242.22M	PT=0.28|0.19|32.32s	CPU=0.04%|0.02%	Responding=True
2024-01-26 14:08:15,642 DEBUG [Performance]	CPU=0.49%	RAM=10.00used/15.69G	Page=15.71used/24.19G	C=175.55used/235.44G	D=56.82used/131.39G	F=55.09used/300.00G	G=47.90used/200.00G	H=18.28used/250.00G	I=22.54used/50.00G
Name=IoTToolkit.ZTO	Trd=18	RAM=228.00M|242.00M	PT=0.30|0.20|62.32s	CPU=0.00%|0.00%	Responding=True
2024-01-26 14:08:45,652 DEBUG [Performance]	CPU=0.36%	RAM=10.00used/15.69G	Page=15.71used/24.19G	C=175.55used/235.44G	D=56.82used/131.39G	F=55.09used/300.00G	G=47.90used/200.00G	H=18.28used/250.00G	I=22.54used/50.00G
Name=IoTToolkit.ZTO	Trd=18	RAM=228.07M|242.06M	PT=0.30|0.20|92.33s	CPU=0.00%|0.00%	Responding=True
2024-01-26 14:09:15,669 DEBUG [Performance]	CPU=1.47%	RAM=10.02used/15.69G	Page=15.71used/24.19G	C=175.55used/235.44G	D=56.82used/131.39G	F=55.09used/300.00G	G=47.90used/200.00G	H=18.28used/250.00G	I=22.54used/50.00G
Name=IoTToolkit.ZTO	Trd=18	RAM=228.07M|242.06M	PT=0.30|0.20|122.35s	CPU=0.00%|0.00%	Responding=True
2024-01-26 14:09:45,674 DEBUG [Performance]	CPU=0.42%	RAM=10.02used/15.69G	Page=15.71used/24.19G	C=175.55used/235.44G	D=56.82used/131.39G	F=55.09used/300.00G	G=47.90used/200.00G	H=18.28used/250.00G	I=22.54used/50.00G
Name=IoTToolkit.ZTO	Trd=14	RAM=227.96M|241.77M	PT=0.30|0.20|152.36s	CPU=0.00%|0.00%	Responding=True
2024-01-26 14:10:15,685 DEBUG [Performance]	CPU=0.38%	RAM=10.00used/15.69G	Page=15.69used/24.19G	C=175.55used/235.44G	D=56.82used/131.39G	F=55.09used/300.00G	G=47.90used/200.00G	H=18.28used/250.00G	I=22.54used/50.00G
Name=IoTToolkit.ZTO	Trd=16	RAM=228.15M|242.04M	PT=0.30|0.20|182.37s	CPU=0.00%|0.00%	Responding=True
2024-01-26 14:10:45,691 DEBUG [Performance]	CPU=0.32%	RAM=10.01used/15.69G	Page=15.69used/24.19G	C=175.55used/235.44G	D=56.82used/131.39G	F=55.09used/300.00G	G=47.90used/200.00G	H=18.28used/250.00G	I=22.54used/50.00G
Name=IoTToolkit.ZTO	Trd=16	RAM=228.34M|242.23M	PT=0.30|0.20|212.37s	CPU=0.00%|0.00%	Responding=True
2024-01-26 14:11:15,693 DEBUG [Performance]	CPU=2.18%	RAM=10.03used/15.69G	Page=15.71used/24.19G	C=175.55used/235.44G	D=56.82used/131.39G	F=55.09used/300.00G	G=47.90used/200.00G	H=18.28used/250.00G	I=22.54used/50.00G
Name=IoTToolkit.ZTO	Trd=16	RAM=228.50M|242.35M	PT=0.30|0.20|242.37s	CPU=0.00%|0.00%	Responding=True
2024-01-26 14:11:45,710 DEBUG [Performance]	CPU=0.73%	RAM=10.03used/15.69G	Page=15.70used/24.19G	C=175.55used/235.44G	D=56.82used/131.39G	F=55.09used/300.00G	G=47.90used/200.00G	H=18.28used/250.00G	I=22.54used/50.00G
Name=IoTToolkit.ZTO	Trd=14	RAM=228.61M|242.39M	PT=0.30|0.20|272.39s	CPU=0.00%|0.00%	Responding=True
2024-01-26 14:12:14,593 DEBUG 'Bind' [IoTCommunicator] Binded to 192.168.2.100:3000
2024-01-26 14:12:15,725 DEBUG [Performance]	CPU=0.57%	RAM=10.04used/15.69G	Page=15.71used/24.19G	C=175.55used/235.44G	D=56.82used/131.39G	F=55.09used/300.00G	G=47.90used/200.00G	H=18.28used/250.00G	I=22.54used/50.00G
Name=IoTToolkit.ZTO	Trd=17	RAM=230.43M|243.63M	PT=0.36|0.27|302.41s	CPU=0.01%|0.01%	Responding=True
2024-01-26 14:12:45,729 DEBUG [Performance]	CPU=0.33%	RAM=10.05used/15.69G	Page=15.70used/24.19G	C=175.55used/235.44G	D=56.82used/131.39G	F=55.09used/300.00G	G=47.90used/200.00G	H=18.28used/250.00G	I=22.54used/50.00G
Name=IoTToolkit.ZTO	Trd=17	RAM=233.54M|246.79M	PT=0.52|0.41|332.41s	CPU=0.04%|0.03%	Responding=True
2024-01-26 14:13:11,266 DEBUG 'Close' [IoTCommunicator]
2024-01-26 14:13:15,734 DEBUG [Performance]	CPU=0.46%	RAM=10.05used/15.69G	Page=15.71used/24.19G	C=175.55used/235.44G	D=56.82used/131.39G	F=55.09used/300.00G	G=47.90used/200.00G	H=18.28used/250.00G	I=22.54used/50.00G
Name=IoTToolkit.ZTO	Trd=19	RAM=237.82M|250.41M	PT=0.97|0.80|362.42s	CPU=0.11%|0.09%	Responding=True
2024-01-26 14:13:45,748 DEBUG [Performance]	CPU=0.44%	RAM=10.05used/15.69G	Page=15.71used/24.19G	C=175.55used/235.44G	D=56.82used/131.39G	F=55.09used/300.00G	G=47.90used/200.00G	H=18.28used/250.00G	I=22.54used/50.00G
Name=IoTToolkit.ZTO	Trd=18	RAM=236.80M|249.38M	PT=1.25|1.05|392.43s	CPU=0.07%|0.06%	Responding=True
2024-01-26 14:14:15,764 DEBUG [Performance]	CPU=0.35%	RAM=10.05used/15.69G	Page=15.71used/24.19G	C=175.55used/235.44G	D=56.82used/131.39G	F=55.09used/300.00G	G=47.90used/200.00G	H=18.28used/250.00G	I=22.54used/50.00G
Name=IoTToolkit.ZTO	Trd=16	RAM=237.08M|249.63M	PT=1.38|1.16|422.45s	CPU=0.03%|0.03%	Responding=True
2024-01-26 14:14:45,765 DEBUG [Performance]	CPU=0.32%	RAM=10.05used/15.69G	Page=15.69used/24.19G	C=175.55used/235.44G	D=56.82used/131.39G	F=55.09used/300.00G	G=47.90used/200.00G	H=18.28used/250.00G	I=22.54used/50.00G
Name=IoTToolkit.ZTO	Trd=16	RAM=236.45M|248.95M	PT=1.44|1.20|452.45s	CPU=0.01%|0.01%	Responding=True
2024-01-26 14:15:15,779 DEBUG [Performance]	CPU=0.43%	RAM=10.05used/15.69G	Page=15.70used/24.19G	C=175.55used/235.44G	D=56.82used/131.39G	F=55.09used/300.00G	G=47.90used/200.00G	H=18.28used/250.00G	I=22.54used/50.00G
Name=IoTToolkit.ZTO	Trd=13	RAM=235.68M|247.84M	PT=1.48|1.25|482.46s	CPU=0.01%|0.01%	Responding=True
2024-01-26 14:15:45,794 DEBUG [Performance]	CPU=0.30%	RAM=9.98used/15.69G	Page=15.69used/24.19G	C=175.55used/235.44G	D=56.82used/131.39G	F=55.09used/300.00G	G=47.90used/200.00G	H=18.28used/250.00G	I=22.54used/50.00G
Name=IoTToolkit.ZTO	Trd=13	RAM=235.68M|247.84M	PT=1.48|1.25|512.48s	CPU=0.00%|0.00%	Responding=True
2024-01-26 14:16:15,808 DEBUG [Performance]	CPU=0.40%	RAM=9.95used/15.69G	Page=15.68used/24.19G	C=175.55used/235.44G	D=56.82used/131.39G	F=55.09used/300.00G	G=47.90used/200.00G	H=18.28used/250.00G	I=22.54used/50.00G
Name=IoTToolkit.ZTO	Trd=13	RAM=235.68M|247.84M	PT=1.48|1.25|542.49s	CPU=0.00%|0.00%	Responding=True
2024-01-26 14:16:45,812 DEBUG [Performance]	CPU=0.42%	RAM=9.96used/15.69G	Page=15.68used/24.19G	C=175.55used/235.44G	D=56.82used/131.39G	F=55.09used/300.00G	G=47.90used/200.00G	H=18.28used/250.00G	I=22.54used/50.00G
Name=IoTToolkit.ZTO	Trd=13	RAM=237.37M|249.55M	PT=1.69|1.44|572.49s	CPU=0.05%|0.04%	Responding=True
2024-01-26 14:17:15,823 DEBUG [Performance]	CPU=0.52%	RAM=9.96used/15.69G	Page=15.68used/24.19G	C=175.55used/235.44G	D=56.82used/131.39G	F=55.09used/300.00G	G=47.90used/200.00G	H=18.28used/250.00G	I=22.54used/50.00G
Name=IoTToolkit.ZTO	Trd=15	RAM=235.79M|248.07M	PT=2.05|1.70|602.50s	CPU=0.09%|0.06%	Responding=True
2024-01-26 14:17:45,830 DEBUG [Performance]	CPU=0.28%	RAM=9.96used/15.69G	Page=15.68used/24.19G	C=175.55used/235.44G	D=56.82used/131.39G	F=55.09used/300.00G	G=47.90used/200.00G	H=18.28used/250.00G	I=22.54used/50.00G
Name=IoTToolkit.ZTO	Trd=15	RAM=235.81M|248.07M	PT=2.06|1.72|632.51s	CPU=0.00%|0.00%	Responding=True
2024-01-26 14:18:15,845 DEBUG [Performance]	CPU=0.30%	RAM=9.96used/15.69G	Page=15.68used/24.19G	C=175.55used/235.44G	D=56.82used/131.39G	F=55.09used/300.00G	G=47.90used/200.00G	H=18.28used/250.00G	I=22.54used/50.00G
Name=IoTToolkit.ZTO	Trd=15	RAM=235.81M|248.07M	PT=2.06|1.72|662.53s	CPU=0.00%|0.00%	Responding=True
2024-01-26 14:18:45,853 DEBUG [Performance]	CPU=0.39%	RAM=9.97used/15.69G	Page=15.69used/24.19G	C=175.55used/235.44G	D=56.82used/131.39G	F=55.09used/300.00G	G=47.90used/200.00G	H=18.28used/250.00G	I=22.54used/50.00G
Name=IoTToolkit.ZTO	Trd=15	RAM=235.81M|248.07M	PT=2.06|1.72|692.54s	CPU=0.00%|0.00%	Responding=True
2024-01-26 14:19:15,863 DEBUG [Performance]	CPU=0.45%	RAM=9.96used/15.69G	Page=15.68used/24.19G	C=175.55used/235.44G	D=56.82used/131.39G	F=55.09used/300.00G	G=47.90used/200.00G	H=18.28used/250.00G	I=22.54used/50.00G
Name=IoTToolkit.ZTO	Trd=15	RAM=235.81M|248.07M	PT=2.06|1.72|722.55s	CPU=0.00%|0.00%	Responding=True
2024-01-26 14:19:45,875 DEBUG [Performance]	CPU=1.48%	RAM=10.22used/15.69G	Page=15.95used/24.19G	C=175.55used/235.44G	D=56.82used/131.39G	F=55.09used/300.00G	G=47.90used/200.00G	H=18.28used/250.00G	I=22.54used/50.00G
Name=IoTToolkit.ZTO	Trd=13	RAM=235.76M|247.92M	PT=2.06|1.72|752.56s	CPU=0.00%|0.00%	Responding=True
2024-01-26 14:20:15,886 DEBUG [Performance]	CPU=1.39%	RAM=10.25used/15.69G	Page=15.94used/24.19G	C=175.55used/235.44G	D=56.82used/131.39G	F=55.09used/300.00G	G=47.90used/200.00G	H=18.28used/250.00G	I=22.54used/50.00G
Name=IoTToolkit.ZTO	Trd=13	RAM=235.76M|247.93M	PT=2.06|1.72|782.57s	CPU=0.00%|0.00%	Responding=True
2024-01-26 14:20:45,887 DEBUG [Performance]	CPU=1.41%	RAM=10.50used/15.69G	Page=16.30used/24.19G	C=175.56used/235.44G	D=56.82used/131.39G	F=55.09used/300.00G	G=47.90used/200.00G	H=18.28used/250.00G	I=22.54used/50.00G
Name=IoTToolkit.ZTO	Trd=13	RAM=235.77M|247.93M	PT=2.06|1.72|812.57s	CPU=0.00%|0.00%	Responding=True
2024-01-26 14:21:15,902 DEBUG [Performance]	CPU=1.36%	RAM=10.56used/15.69G	Page=16.40used/24.19G	C=175.56used/235.44G	D=56.82used/131.39G	F=55.09used/300.00G	G=47.90used/200.00G	H=18.28used/250.00G	I=22.54used/50.00G
Name=IoTToolkit.ZTO	Trd=13	RAM=235.77M|247.92M	PT=2.06|1.72|842.59s	CPU=0.00%|0.00%	Responding=True
2024-01-26 14:21:45,912 DEBUG [Performance]	CPU=1.45%	RAM=10.49used/15.69G	Page=16.39used/24.19G	C=175.57used/235.44G	D=56.82used/131.39G	F=55.09used/300.00G	G=47.90used/200.00G	H=18.28used/250.00G	I=22.54used/50.00G
Name=IoTToolkit.ZTO	Trd=14	RAM=235.79M|248.00M	PT=2.06|1.72|872.59s	CPU=0.00%|0.00%	Responding=True
2024-01-26 14:22:15,910 DEBUG [Performance]	CPU=1.49%	RAM=10.41used/15.69G	Page=16.31used/24.19G	C=175.58used/235.44G	D=56.82used/131.39G	F=55.09used/300.00G	G=47.90used/200.00G	H=18.28used/250.00G	I=22.54used/50.00G
Name=IoTToolkit.ZTO	Trd=14	RAM=236.43M|248.00M	PT=2.06|1.72|902.59s	CPU=0.00%|0.00%	Responding=True
2024-01-26 14:22:45,921 DEBUG [Performance]	CPU=2.87%	RAM=10.39used/15.69G	Page=16.28used/24.19G	C=175.58used/235.44G	D=56.82used/131.39G	F=55.09used/300.00G	G=47.90used/200.00G	H=18.28used/250.00G	I=22.54used/50.00G
Name=IoTToolkit.ZTO	Trd=14	RAM=236.43M|248.00M	PT=2.08|1.73|932.60s	CPU=0.00%|0.00%	Responding=True
2024-01-26 14:23:15,935 DEBUG [Performance]	CPU=0.70%	RAM=10.39used/15.69G	Page=16.28used/24.19G	C=175.58used/235.44G	D=56.82used/131.39G	F=55.09used/300.00G	G=47.90used/200.00G	H=18.28used/250.00G	I=22.54used/50.00G
Name=IoTToolkit.ZTO	Trd=13	RAM=236.42M|247.93M	PT=2.08|1.73|962.62s	CPU=0.00%|0.00%	Responding=True
2024-01-26 14:23:45,949 DEBUG [Performance]	CPU=0.26%	RAM=10.39used/15.69G	Page=16.28used/24.19G	C=175.58used/235.44G	D=56.82used/131.39G	F=55.09used/300.00G	G=47.90used/200.00G	H=18.28used/250.00G	I=22.54used/50.00G
Name=IoTToolkit.ZTO	Trd=13	RAM=236.38M|247.93M	PT=2.08|1.73|992.63s	CPU=0.00%|0.00%	Responding=True
2024-01-26 14:24:15,962 DEBUG [Performance]	CPU=0.28%	RAM=10.39used/15.69G	Page=16.27used/24.19G	C=175.58used/235.44G	D=56.82used/131.39G	F=55.09used/300.00G	G=47.90used/200.00G	H=18.28used/250.00G	I=22.54used/50.00G
Name=IoTToolkit.ZTO	Trd=13	RAM=236.38M|247.93M	PT=2.08|1.73|1022.65s	CPU=0.00%|0.00%	Responding=True
2024-01-26 14:24:45,968 DEBUG [Performance]	CPU=0.55%	RAM=10.40used/15.69G	Page=16.28used/24.19G	C=175.58used/235.44G	D=56.82used/131.39G	F=55.09used/300.00G	G=47.90used/200.00G	H=18.28used/250.00G	I=22.54used/50.00G
Name=IoTToolkit.ZTO	Trd=13	RAM=236.21M|247.93M	PT=2.08|1.73|1052.65s	CPU=0.00%|0.00%	Responding=True
2024-01-26 14:25:15,986 DEBUG [Performance]	CPU=1.85%	RAM=10.60used/15.69G	Page=16.44used/24.19G	C=175.58used/235.44G	D=56.82used/131.39G	F=55.09used/300.00G	G=47.90used/200.00G	H=18.28used/250.00G	I=22.54used/50.00G
Name=IoTToolkit.ZTO	Trd=15	RAM=236.38M|248.07M	PT=2.08|1.73|1082.67s	CPU=0.00%|0.00%	Responding=True
2024-01-26 14:25:45,998 DEBUG [Performance]	CPU=1.29%	RAM=10.50used/15.69G	Page=16.36used/24.19G	C=175.58used/235.44G	D=56.82used/131.39G	F=55.09used/300.00G	G=47.90used/200.00G	H=18.28used/250.00G	I=22.54used/50.00G
Name=IoTToolkit.ZTO	Trd=15	RAM=236.38M|248.07M	PT=2.08|1.73|1112.68s	CPU=0.00%|0.00%	Responding=True
2024-01-26 14:26:16,006 DEBUG [Performance]	CPU=1.69%	RAM=10.24used/15.69G	Page=16.05used/24.19G	C=175.57used/235.44G	D=56.82used/131.39G	F=55.09used/300.00G	G=47.90used/200.00G	H=18.28used/250.00G	I=22.54used/50.00G
Name=IoTToolkit.ZTO	Trd=15	RAM=236.38M|248.07M	PT=2.08|1.73|1142.69s	CPU=0.00%|0.00%	Responding=True
2024-01-26 14:26:46,009 DEBUG [Performance]	CPU=1.10%	RAM=10.21used/15.69G	Page=16.00used/24.19G	C=175.57used/235.44G	D=56.82used/131.39G	F=55.09used/300.00G	G=47.90used/200.00G	H=18.28used/250.00G	I=22.54used/50.00G
Name=IoTToolkit.ZTO	Trd=15	RAM=236.39M|248.07M	PT=2.08|1.73|1172.69s	CPU=0.00%|0.00%	Responding=True
2024-01-26 14:27:16,013 DEBUG [Performance]	CPU=0.76%	RAM=10.19used/15.69G	Page=15.98used/24.19G	C=175.57used/235.44G	D=56.82used/131.39G	F=55.09used/300.00G	G=47.90used/200.00G	H=18.28used/250.00G	I=22.54used/50.00G
Name=IoTToolkit.ZTO	Trd=15	RAM=236.39M|248.07M	PT=2.08|1.73|1202.70s	CPU=0.00%|0.00%	Responding=True
2024-01-26 14:27:46,025 DEBUG [Performance]	CPU=0.60%	RAM=10.37used/15.69G	Page=16.20used/24.19G	C=175.57used/235.44G	D=56.82used/131.39G	F=55.09used/300.00G	G=47.90used/200.00G	H=18.28used/250.00G	I=22.54used/50.00G
Name=IoTToolkit.ZTO	Trd=13	RAM=236.34M|247.93M	PT=2.08|1.73|1232.71s	CPU=0.00%|0.00%	Responding=True
2024-01-26 14:28:16,025 DEBUG [Performance]	CPU=1.98%	RAM=10.38used/15.69G	Page=16.15used/24.19G	C=175.56used/235.44G	D=56.82used/131.39G	F=55.09used/300.00G	G=47.90used/200.00G	H=18.28used/250.00G	I=22.54used/50.00G
Name=IoTToolkit.ZTO	Trd=13	RAM=236.13M|247.93M	PT=2.08|1.73|1262.71s	CPU=0.00%|0.00%	Responding=True
2024-01-26 14:28:46,036 DEBUG [Performance]	CPU=0.39%	RAM=10.31used/15.69G	Page=16.06used/24.19G	C=175.56used/235.44G	D=56.82used/131.39G	F=55.09used/300.00G	G=47.90used/200.00G	H=18.28used/250.00G	I=22.54used/50.00G
Name=IoTToolkit.ZTO	Trd=13	RAM=236.13M|247.93M	PT=2.08|1.73|1292.72s	CPU=0.00%|0.00%	Responding=True
2024-01-26 14:29:16,046 DEBUG [Performance]	CPU=0.41%	RAM=10.30used/15.69G	Page=16.04used/24.19G	C=175.57used/235.44G	D=56.82used/131.39G	F=55.09used/300.00G	G=47.90used/200.00G	H=18.28used/250.00G	I=22.54used/50.00G
Name=IoTToolkit.ZTO	Trd=13	RAM=236.13M|247.93M	PT=2.08|1.73|1322.73s	CPU=0.00%|0.00%	Responding=True
2024-01-26 14:29:46,061 DEBUG [Performance]	CPU=0.45%	RAM=10.25used/15.69G	Page=16.00used/24.19G	C=175.57used/235.44G	D=56.82used/131.39G	F=55.09used/300.00G	G=47.90used/200.00G	H=18.28used/250.00G	I=22.54used/50.00G
Name=IoTToolkit.ZTO	Trd=13	RAM=236.09M|247.93M	PT=2.08|1.73|1352.74s	CPU=0.00%|0.00%	Responding=True
2024-01-26 14:30:16,074 DEBUG [Performance]	CPU=0.43%	RAM=10.17used/15.69G	Page=15.99used/24.19G	C=175.58used/235.44G	D=56.82used/131.39G	F=55.09used/300.00G	G=47.90used/200.00G	H=18.28used/250.00G	I=22.54used/50.00G
Name=IoTToolkit.ZTO	Trd=13	RAM=236.08M|247.92M	PT=2.08|1.73|1382.76s	CPU=0.00%|0.00%	Responding=True
2024-01-26 14:30:46,085 DEBUG [Performance]	CPU=1.95%	RAM=10.17used/15.69G	Page=16.00used/24.19G	C=175.58used/235.44G	D=56.82used/131.39G	F=55.09used/300.00G	G=47.90used/200.00G	H=18.28used/250.00G	I=22.54used/50.00G
Name=IoTToolkit.ZTO	Trd=13	RAM=236.09M|247.92M	PT=2.09|1.75|1412.77s	CPU=0.00%|0.00%	Responding=True
2024-01-26 14:31:16,094 DEBUG [Performance]	CPU=1.00%	RAM=10.20used/15.69G	Page=16.01used/24.19G	C=175.58used/235.44G	D=56.82used/131.39G	F=55.09used/300.00G	G=47.90used/200.00G	H=18.28used/250.00G	I=22.54used/50.00G
Name=IoTToolkit.ZTO	Trd=13	RAM=236.09M|247.92M	PT=2.09|1.75|1442.78s	CPU=0.00%|0.00%	Responding=True
2024-01-26 14:31:46,102 DEBUG [Performance]	CPU=0.28%	RAM=10.24used/15.69G	Page=16.08used/24.19G	C=175.58used/235.44G	D=56.82used/131.39G	F=55.09used/300.00G	G=47.90used/200.00G	H=18.28used/250.00G	I=22.54used/50.00G
Name=IoTToolkit.ZTO	Trd=14	RAM=236.14M|248.00M	PT=2.09|1.75|1472.78s	CPU=0.00%|0.00%	Responding=True
2024-01-26 14:32:16,117 DEBUG [Performance]	CPU=1.12%	RAM=10.23used/15.69G	Page=16.18used/24.19G	C=175.58used/235.44G	D=56.82used/131.39G	F=55.09used/300.00G	G=47.90used/200.00G	H=18.28used/250.00G	I=22.54used/50.00G
Name=IoTToolkit.ZTO	Trd=14	RAM=231.80M|248.00M	PT=2.09|1.75|1502.80s	CPU=0.00%|0.00%	Responding=True
2024-01-26 14:32:46,130 DEBUG [Performance]	CPU=1.00%	RAM=10.21used/15.69G	Page=16.15used/24.19G	C=175.58used/235.44G	D=56.82used/131.39G	F=55.09used/300.00G	G=47.90used/200.00G	H=18.28used/250.00G	I=22.54used/50.00G
Name=IoTToolkit.ZTO	Trd=14	RAM=231.86M|248.00M	PT=2.09|1.75|1532.81s	CPU=0.00%|0.00%	Responding=True
2024-01-26 14:33:16,146 DEBUG [Performance]	CPU=0.65%	RAM=10.20used/15.69G	Page=16.13used/24.19G	C=175.58used/235.44G	D=56.82used/131.39G	F=55.09used/300.00G	G=47.90used/200.00G	H=18.28used/250.00G	I=22.54used/50.00G
Name=IoTToolkit.ZTO	Trd=14	RAM=231.90M|248.00M	PT=2.09|1.75|1562.83s	CPU=0.00%|0.00%	Responding=True
2024-01-26 14:33:46,149 DEBUG [Performance]	CPU=0.39%	RAM=10.13used/15.69G	Page=16.03used/24.19G	C=175.58used/235.44G	D=56.82used/131.39G	F=55.09used/300.00G	G=47.90used/200.00G	H=18.28used/250.00G	I=22.54used/50.00G
Name=IoTToolkit.ZTO	Trd=14	RAM=231.95M|248.00M	PT=2.09|1.75|1592.83s	CPU=0.00%|0.00%	Responding=True
2024-01-26 14:34:16,167 DEBUG [Performance]	CPU=1.46%	RAM=10.13used/15.69G	Page=16.03used/24.19G	C=175.58used/235.44G	D=56.82used/131.39G	F=55.09used/300.00G	G=47.90used/200.00G	H=18.28used/250.00G	I=22.54used/50.00G
Name=IoTToolkit.ZTO	Trd=13	RAM=232.04M|247.92M	PT=2.09|1.75|1622.85s	CPU=0.00%|0.00%	Responding=True
2024-01-26 14:34:46,182 DEBUG [Performance]	CPU=0.61%	RAM=10.14used/15.69G	Page=16.03used/24.19G	C=175.58used/235.44G	D=56.82used/131.39G	F=55.09used/300.00G	G=47.90used/200.00G	H=18.28used/250.00G	I=22.54used/50.00G
Name=IoTToolkit.ZTO	Trd=13	RAM=232.10M|247.93M	PT=2.09|1.75|1652.86s	CPU=0.00%|0.00%	Responding=True
2024-01-26 14:35:16,197 DEBUG [Performance]	CPU=0.94%	RAM=10.23used/15.69G	Page=16.11used/24.19G	C=175.58used/235.44G	D=56.82used/131.39G	F=55.09used/300.00G	G=47.90used/200.00G	H=18.28used/250.00G	I=22.54used/50.00G
Name=IoTToolkit.ZTO	Trd=13	RAM=232.15M|247.93M	PT=2.09|1.75|1682.88s	CPU=0.00%|0.00%	Responding=True
2024-01-26 14:35:46,203 DEBUG [Performance]	CPU=1.41%	RAM=10.06used/15.69G	Page=16.08used/24.19G	C=175.58used/235.44G	D=56.82used/131.39G	F=55.09used/300.00G	G=47.90used/200.00G	H=18.28used/250.00G	I=22.54used/50.00G
Name=IoTToolkit.ZTO	Trd=13	RAM=232.21M|247.92M	PT=2.09|1.75|1712.89s	CPU=0.00%|0.00%	Responding=True
