2024-02-21 11:48:08,951 ERROR [读取参数] Execute
IoTToolkit.ReplyTimeoutException: 等待回复超时
   在 IoTToolkit.IoTCommunicator.SendCommand(IoTCommand command, Int32 retryTimes, Nullable`1 timeout, Boolean throwTimeout) 位置 C:\programming\Wayzim\CommonUtilities\IoTToolkit\IoTToolkit.Core\IoTCommunicator.cs:行号 291
   在 IoTToolkit.IoTCommunicator.SequentiallySendCommand(IoTCommand command, Int32 retryTimes, Nullable`1 timeout, Boolean throwTimeout) 位置 C:\programming\Wayzim\CommonUtilities\IoTToolkit\IoTToolkit.Core\IoTCommunicator.cs:行号 259
   在 IoTToolkit.IoTCommunicator.SendCommand(CommandType type, Byte[] data, Int32 retryTimes, Nullable`1 timeout, Boolean throwTimeout) 位置 C:\programming\Wayzim\CommonUtilities\IoTToolkit\IoTToolkit.Core\IoTCommunicator.cs:行号 244
   在 IoTToolkit.IoTCommunicator.ReadParameterBytes(UInt16 stationNo) 位置 C:\programming\Wayzim\CommonUtilities\IoTToolkit\IoTToolkit.Core\IoTCommunicator.cs:行号 87
   在 IoTToolkit.ZTO.IoTCommunicator.ReadParameter(UInt16 stationNo) 位置 C:\programming\Wayzim\CommonUtilities\IoTToolkit\IoTToolkit.Core\IoTCommunicator.ZTO.cs:行号 49
   在 IoTToolkit.ZTO.IoTToolkitVM.ReadParameter(UInt16 id) 位置 C:\programming\Wayzim\CommonUtilities\IoTToolkit\IoTToolkit.ZTO\IoTToolkitVM.cs:行号 195
   在 IoTToolkit.ZTO.IoTToolkitVM.ReadParameterCmdEx() 位置 C:\programming\Wayzim\CommonUtilities\IoTToolkit\IoTToolkit.ZTO\IoTToolkitVM.cs:行号 189
   在 Utilities.Windows.SimpleCommand.ExecuteCore(Object parameter) 位置 C:\programming\Wayzim\CommonUtilities\Utilities2\Utilities\Windows\SimpleCommand.cs:行号 162
   在 Utilities.Windows.SimpleCommand.Execute(Object parameter) 位置 C:\programming\Wayzim\CommonUtilities\Utilities2\Utilities\Windows\SimpleCommand.cs:行号 141
2024-02-21 11:48:08,955 ERROR 读取参数
IoTToolkit.ReplyTimeoutException: 等待回复超时
   在 IoTToolkit.IoTCommunicator.SendCommand(IoTCommand command, Int32 retryTimes, Nullable`1 timeout, Boolean throwTimeout) 位置 C:\programming\Wayzim\CommonUtilities\IoTToolkit\IoTToolkit.Core\IoTCommunicator.cs:行号 291
   在 IoTToolkit.IoTCommunicator.SequentiallySendCommand(IoTCommand command, Int32 retryTimes, Nullable`1 timeout, Boolean throwTimeout) 位置 C:\programming\Wayzim\CommonUtilities\IoTToolkit\IoTToolkit.Core\IoTCommunicator.cs:行号 259
   在 IoTToolkit.IoTCommunicator.SendCommand(CommandType type, Byte[] data, Int32 retryTimes, Nullable`1 timeout, Boolean throwTimeout) 位置 C:\programming\Wayzim\CommonUtilities\IoTToolkit\IoTToolkit.Core\IoTCommunicator.cs:行号 244
   在 IoTToolkit.IoTCommunicator.ReadParameterBytes(UInt16 stationNo) 位置 C:\programming\Wayzim\CommonUtilities\IoTToolkit\IoTToolkit.Core\IoTCommunicator.cs:行号 87
   在 IoTToolkit.ZTO.IoTCommunicator.ReadParameter(UInt16 stationNo) 位置 C:\programming\Wayzim\CommonUtilities\IoTToolkit\IoTToolkit.Core\IoTCommunicator.ZTO.cs:行号 49
   在 IoTToolkit.ZTO.IoTToolkitVM.ReadParameter(UInt16 id) 位置 C:\programming\Wayzim\CommonUtilities\IoTToolkit\IoTToolkit.ZTO\IoTToolkitVM.cs:行号 195
   在 IoTToolkit.ZTO.IoTToolkitVM.ReadParameterCmdEx() 位置 C:\programming\Wayzim\CommonUtilities\IoTToolkit\IoTToolkit.ZTO\IoTToolkitVM.cs:行号 189
   在 Utilities.Windows.SimpleCommand.ExecuteCore(Object parameter) 位置 C:\programming\Wayzim\CommonUtilities\Utilities2\Utilities\Windows\SimpleCommand.cs:行号 162
   在 Utilities.Windows.SimpleCommand.Execute(Object parameter) 位置 C:\programming\Wayzim\CommonUtilities\Utilities2\Utilities\Windows\SimpleCommand.cs:行号 141
2024-02-21 11:50:28,152 ERROR [读取参数] Execute
IoTToolkit.ReplyTimeoutException: 等待回复超时
   在 IoTToolkit.IoTCommunicator.SendCommand(IoTCommand command, Int32 retryTimes, Nullable`1 timeout, Boolean throwTimeout) 位置 C:\programming\Wayzim\CommonUtilities\IoTToolkit\IoTToolkit.Core\IoTCommunicator.cs:行号 291
   在 IoTToolkit.IoTCommunicator.SequentiallySendCommand(IoTCommand command, Int32 retryTimes, Nullable`1 timeout, Boolean throwTimeout) 位置 C:\programming\Wayzim\CommonUtilities\IoTToolkit\IoTToolkit.Core\IoTCommunicator.cs:行号 259
   在 IoTToolkit.IoTCommunicator.SendCommand(CommandType type, Byte[] data, Int32 retryTimes, Nullable`1 timeout, Boolean throwTimeout) 位置 C:\programming\Wayzim\CommonUtilities\IoTToolkit\IoTToolkit.Core\IoTCommunicator.cs:行号 244
   在 IoTToolkit.IoTCommunicator.ReadParameterBytes(UInt16 stationNo) 位置 C:\programming\Wayzim\CommonUtilities\IoTToolkit\IoTToolkit.Core\IoTCommunicator.cs:行号 87
   在 IoTToolkit.ZTO.IoTCommunicator.ReadParameter(UInt16 stationNo) 位置 C:\programming\Wayzim\CommonUtilities\IoTToolkit\IoTToolkit.Core\IoTCommunicator.ZTO.cs:行号 49
   在 IoTToolkit.ZTO.IoTToolkitVM.ReadParameter(UInt16 id) 位置 C:\programming\Wayzim\CommonUtilities\IoTToolkit\IoTToolkit.ZTO\IoTToolkitVM.cs:行号 195
   在 IoTToolkit.ZTO.IoTToolkitVM.ReadParameterCmdEx() 位置 C:\programming\Wayzim\CommonUtilities\IoTToolkit\IoTToolkit.ZTO\IoTToolkitVM.cs:行号 189
   在 Utilities.Windows.SimpleCommand.ExecuteCore(Object parameter) 位置 C:\programming\Wayzim\CommonUtilities\Utilities2\Utilities\Windows\SimpleCommand.cs:行号 162
   在 Utilities.Windows.SimpleCommand.Execute(Object parameter) 位置 C:\programming\Wayzim\CommonUtilities\Utilities2\Utilities\Windows\SimpleCommand.cs:行号 141
2024-02-21 11:50:28,152 ERROR 读取参数
IoTToolkit.ReplyTimeoutException: 等待回复超时
   在 IoTToolkit.IoTCommunicator.SendCommand(IoTCommand command, Int32 retryTimes, Nullable`1 timeout, Boolean throwTimeout) 位置 C:\programming\Wayzim\CommonUtilities\IoTToolkit\IoTToolkit.Core\IoTCommunicator.cs:行号 291
   在 IoTToolkit.IoTCommunicator.SequentiallySendCommand(IoTCommand command, Int32 retryTimes, Nullable`1 timeout, Boolean throwTimeout) 位置 C:\programming\Wayzim\CommonUtilities\IoTToolkit\IoTToolkit.Core\IoTCommunicator.cs:行号 259
   在 IoTToolkit.IoTCommunicator.SendCommand(CommandType type, Byte[] data, Int32 retryTimes, Nullable`1 timeout, Boolean throwTimeout) 位置 C:\programming\Wayzim\CommonUtilities\IoTToolkit\IoTToolkit.Core\IoTCommunicator.cs:行号 244
   在 IoTToolkit.IoTCommunicator.ReadParameterBytes(UInt16 stationNo) 位置 C:\programming\Wayzim\CommonUtilities\IoTToolkit\IoTToolkit.Core\IoTCommunicator.cs:行号 87
   在 IoTToolkit.ZTO.IoTCommunicator.ReadParameter(UInt16 stationNo) 位置 C:\programming\Wayzim\CommonUtilities\IoTToolkit\IoTToolkit.Core\IoTCommunicator.ZTO.cs:行号 49
   在 IoTToolkit.ZTO.IoTToolkitVM.ReadParameter(UInt16 id) 位置 C:\programming\Wayzim\CommonUtilities\IoTToolkit\IoTToolkit.ZTO\IoTToolkitVM.cs:行号 195
   在 IoTToolkit.ZTO.IoTToolkitVM.ReadParameterCmdEx() 位置 C:\programming\Wayzim\CommonUtilities\IoTToolkit\IoTToolkit.ZTO\IoTToolkitVM.cs:行号 189
   在 Utilities.Windows.SimpleCommand.ExecuteCore(Object parameter) 位置 C:\programming\Wayzim\CommonUtilities\Utilities2\Utilities\Windows\SimpleCommand.cs:行号 162
   在 Utilities.Windows.SimpleCommand.Execute(Object parameter) 位置 C:\programming\Wayzim\CommonUtilities\Utilities2\Utilities\Windows\SimpleCommand.cs:行号 141
2024-02-21 11:50:54,654 ERROR [写入参数] Execute
IoTToolkit.ReplyTimeoutException: 等待回复超时
   在 IoTToolkit.IoTCommunicator.SendCommand(IoTCommand command, Int32 retryTimes, Nullable`1 timeout, Boolean throwTimeout) 位置 C:\programming\Wayzim\CommonUtilities\IoTToolkit\IoTToolkit.Core\IoTCommunicator.cs:行号 291
   在 IoTToolkit.IoTCommunicator.SequentiallySendCommand(IoTCommand command, Int32 retryTimes, Nullable`1 timeout, Boolean throwTimeout) 位置 C:\programming\Wayzim\CommonUtilities\IoTToolkit\IoTToolkit.Core\IoTCommunicator.cs:行号 259
   在 IoTToolkit.IoTCommunicator.SendCommand(CommandType type, Byte[] data, Int32 retryTimes, Nullable`1 timeout, Boolean throwTimeout) 位置 C:\programming\Wayzim\CommonUtilities\IoTToolkit\IoTToolkit.Core\IoTCommunicator.cs:行号 244
   在 IoTToolkit.IoTCommunicator.WriteParameterBytes(Byte[] parameter) 位置 C:\programming\Wayzim\CommonUtilities\IoTToolkit\IoTToolkit.Core\IoTCommunicator.cs:行号 98
   在 IoTToolkit.ZTO.IoTCommunicator.WriteParameter(IoTParameter parameter) 位置 C:\programming\Wayzim\CommonUtilities\IoTToolkit\IoTToolkit.Core\IoTCommunicator.ZTO.cs:行号 44
   在 IoTToolkit.ZTO.IoTToolkitVM.WriteParameter(IoTParameter parameter) 位置 C:\programming\Wayzim\CommonUtilities\IoTToolkit\IoTToolkit.ZTO\IoTToolkitVM.cs:行号 173
   在 IoTToolkit.ZTO.IoTToolkitVM.WriteParameterCmdEx() 位置 C:\programming\Wayzim\CommonUtilities\IoTToolkit\IoTToolkit.ZTO\IoTToolkitVM.cs:行号 166
   在 Utilities.Windows.SimpleCommand.ExecuteCore(Object parameter) 位置 C:\programming\Wayzim\CommonUtilities\Utilities2\Utilities\Windows\SimpleCommand.cs:行号 162
   在 Utilities.Windows.SimpleCommand.Execute(Object parameter) 位置 C:\programming\Wayzim\CommonUtilities\Utilities2\Utilities\Windows\SimpleCommand.cs:行号 141
2024-02-21 11:50:54,654 ERROR 写入参数
IoTToolkit.ReplyTimeoutException: 等待回复超时
   在 IoTToolkit.IoTCommunicator.SendCommand(IoTCommand command, Int32 retryTimes, Nullable`1 timeout, Boolean throwTimeout) 位置 C:\programming\Wayzim\CommonUtilities\IoTToolkit\IoTToolkit.Core\IoTCommunicator.cs:行号 291
   在 IoTToolkit.IoTCommunicator.SequentiallySendCommand(IoTCommand command, Int32 retryTimes, Nullable`1 timeout, Boolean throwTimeout) 位置 C:\programming\Wayzim\CommonUtilities\IoTToolkit\IoTToolkit.Core\IoTCommunicator.cs:行号 259
   在 IoTToolkit.IoTCommunicator.SendCommand(CommandType type, Byte[] data, Int32 retryTimes, Nullable`1 timeout, Boolean throwTimeout) 位置 C:\programming\Wayzim\CommonUtilities\IoTToolkit\IoTToolkit.Core\IoTCommunicator.cs:行号 244
   在 IoTToolkit.IoTCommunicator.WriteParameterBytes(Byte[] parameter) 位置 C:\programming\Wayzim\CommonUtilities\IoTToolkit\IoTToolkit.Core\IoTCommunicator.cs:行号 98
   在 IoTToolkit.ZTO.IoTCommunicator.WriteParameter(IoTParameter parameter) 位置 C:\programming\Wayzim\CommonUtilities\IoTToolkit\IoTToolkit.Core\IoTCommunicator.ZTO.cs:行号 44
   在 IoTToolkit.ZTO.IoTToolkitVM.WriteParameter(IoTParameter parameter) 位置 C:\programming\Wayzim\CommonUtilities\IoTToolkit\IoTToolkit.ZTO\IoTToolkitVM.cs:行号 173
   在 IoTToolkit.ZTO.IoTToolkitVM.WriteParameterCmdEx() 位置 C:\programming\Wayzim\CommonUtilities\IoTToolkit\IoTToolkit.ZTO\IoTToolkitVM.cs:行号 166
   在 Utilities.Windows.SimpleCommand.ExecuteCore(Object parameter) 位置 C:\programming\Wayzim\CommonUtilities\Utilities2\Utilities\Windows\SimpleCommand.cs:行号 162
   在 Utilities.Windows.SimpleCommand.Execute(Object parameter) 位置 C:\programming\Wayzim\CommonUtilities\Utilities2\Utilities\Windows\SimpleCommand.cs:行号 141
2024-02-21 11:51:28,524 ERROR [读取参数] Execute
IoTToolkit.ReplyTimeoutException: 等待回复超时
   在 IoTToolkit.IoTCommunicator.SendCommand(IoTCommand command, Int32 retryTimes, Nullable`1 timeout, Boolean throwTimeout) 位置 C:\programming\Wayzim\CommonUtilities\IoTToolkit\IoTToolkit.Core\IoTCommunicator.cs:行号 291
   在 IoTToolkit.IoTCommunicator.SequentiallySendCommand(IoTCommand command, Int32 retryTimes, Nullable`1 timeout, Boolean throwTimeout) 位置 C:\programming\Wayzim\CommonUtilities\IoTToolkit\IoTToolkit.Core\IoTCommunicator.cs:行号 259
   在 IoTToolkit.IoTCommunicator.SendCommand(CommandType type, Byte[] data, Int32 retryTimes, Nullable`1 timeout, Boolean throwTimeout) 位置 C:\programming\Wayzim\CommonUtilities\IoTToolkit\IoTToolkit.Core\IoTCommunicator.cs:行号 244
   在 IoTToolkit.IoTCommunicator.ReadParameterBytes(UInt16 stationNo) 位置 C:\programming\Wayzim\CommonUtilities\IoTToolkit\IoTToolkit.Core\IoTCommunicator.cs:行号 87
   在 IoTToolkit.ZTO.IoTCommunicator.ReadParameter(UInt16 stationNo) 位置 C:\programming\Wayzim\CommonUtilities\IoTToolkit\IoTToolkit.Core\IoTCommunicator.ZTO.cs:行号 49
   在 IoTToolkit.ZTO.IoTToolkitVM.ReadParameter(UInt16 id) 位置 C:\programming\Wayzim\CommonUtilities\IoTToolkit\IoTToolkit.ZTO\IoTToolkitVM.cs:行号 195
   在 IoTToolkit.ZTO.IoTToolkitVM.ReadParameterCmdEx() 位置 C:\programming\Wayzim\CommonUtilities\IoTToolkit\IoTToolkit.ZTO\IoTToolkitVM.cs:行号 189
   在 Utilities.Windows.SimpleCommand.ExecuteCore(Object parameter) 位置 C:\programming\Wayzim\CommonUtilities\Utilities2\Utilities\Windows\SimpleCommand.cs:行号 162
   在 Utilities.Windows.SimpleCommand.Execute(Object parameter) 位置 C:\programming\Wayzim\CommonUtilities\Utilities2\Utilities\Windows\SimpleCommand.cs:行号 141
2024-02-21 11:51:28,524 ERROR 读取参数
IoTToolkit.ReplyTimeoutException: 等待回复超时
   在 IoTToolkit.IoTCommunicator.SendCommand(IoTCommand command, Int32 retryTimes, Nullable`1 timeout, Boolean throwTimeout) 位置 C:\programming\Wayzim\CommonUtilities\IoTToolkit\IoTToolkit.Core\IoTCommunicator.cs:行号 291
   在 IoTToolkit.IoTCommunicator.SequentiallySendCommand(IoTCommand command, Int32 retryTimes, Nullable`1 timeout, Boolean throwTimeout) 位置 C:\programming\Wayzim\CommonUtilities\IoTToolkit\IoTToolkit.Core\IoTCommunicator.cs:行号 259
   在 IoTToolkit.IoTCommunicator.SendCommand(CommandType type, Byte[] data, Int32 retryTimes, Nullable`1 timeout, Boolean throwTimeout) 位置 C:\programming\Wayzim\CommonUtilities\IoTToolkit\IoTToolkit.Core\IoTCommunicator.cs:行号 244
   在 IoTToolkit.IoTCommunicator.ReadParameterBytes(UInt16 stationNo) 位置 C:\programming\Wayzim\CommonUtilities\IoTToolkit\IoTToolkit.Core\IoTCommunicator.cs:行号 87
   在 IoTToolkit.ZTO.IoTCommunicator.ReadParameter(UInt16 stationNo) 位置 C:\programming\Wayzim\CommonUtilities\IoTToolkit\IoTToolkit.Core\IoTCommunicator.ZTO.cs:行号 49
   在 IoTToolkit.ZTO.IoTToolkitVM.ReadParameter(UInt16 id) 位置 C:\programming\Wayzim\CommonUtilities\IoTToolkit\IoTToolkit.ZTO\IoTToolkitVM.cs:行号 195
   在 IoTToolkit.ZTO.IoTToolkitVM.ReadParameterCmdEx() 位置 C:\programming\Wayzim\CommonUtilities\IoTToolkit\IoTToolkit.ZTO\IoTToolkitVM.cs:行号 189
   在 Utilities.Windows.SimpleCommand.ExecuteCore(Object parameter) 位置 C:\programming\Wayzim\CommonUtilities\Utilities2\Utilities\Windows\SimpleCommand.cs:行号 162
   在 Utilities.Windows.SimpleCommand.Execute(Object parameter) 位置 C:\programming\Wayzim\CommonUtilities\Utilities2\Utilities\Windows\SimpleCommand.cs:行号 141
2024-02-21 11:53:27,526 ERROR 'CommunicationFailed' [IoTCommunicator] 10004
System.Net.Sockets.SocketException (0x80004005): 一个封锁操作被对 WSACancelBlockingCall 的调用中断。
   在 System.Net.Sockets.Socket.ReceiveFrom(Byte[] buffer, Int32 offset, Int32 size, SocketFlags socketFlags, EndPoint& remoteEP)
   在 System.Net.Sockets.Socket.ReceiveFrom(Byte[] buffer, EndPoint& remoteEP)
   在 Utilities.Network.UDPClient.ReceiveMsg() 位置 C:\programming\Wayzim\CommonUtilities\Utilities2\Utilities\Network\UDPClient.cs:行号 121
2024-02-21 21:18:28,557 ERROR [读取参数] Execute
IoTToolkit.ReplyTimeoutException: 等待回复超时
   在 IoTToolkit.IoTCommunicator.SendCommand(IoTCommand command, Int32 retryTimes, Nullable`1 timeout, Boolean throwTimeout) 位置 C:\programming\Wayzim\CommonUtilities\IoTToolkit\IoTToolkit.Core\IoTCommunicator.cs:行号 291
   在 IoTToolkit.IoTCommunicator.SequentiallySendCommand(IoTCommand command, Int32 retryTimes, Nullable`1 timeout, Boolean throwTimeout) 位置 C:\programming\Wayzim\CommonUtilities\IoTToolkit\IoTToolkit.Core\IoTCommunicator.cs:行号 259
   在 IoTToolkit.IoTCommunicator.SendCommand(CommandType type, Byte[] data, Int32 retryTimes, Nullable`1 timeout, Boolean throwTimeout) 位置 C:\programming\Wayzim\CommonUtilities\IoTToolkit\IoTToolkit.Core\IoTCommunicator.cs:行号 244
   在 IoTToolkit.IoTCommunicator.ReadParameterBytes(UInt16 stationNo) 位置 C:\programming\Wayzim\CommonUtilities\IoTToolkit\IoTToolkit.Core\IoTCommunicator.cs:行号 87
   在 IoTToolkit.ZTO.IoTCommunicator.ReadParameter(UInt16 stationNo) 位置 C:\programming\Wayzim\CommonUtilities\IoTToolkit\IoTToolkit.Core\IoTCommunicator.ZTO.cs:行号 49
   在 IoTToolkit.ZTO.IoTToolkitVM.ReadParameter(UInt16 id) 位置 C:\programming\Wayzim\CommonUtilities\IoTToolkit\IoTToolkit.ZTO\IoTToolkitVM.cs:行号 195
   在 IoTToolkit.ZTO.IoTToolkitVM.ReadParameterCmdEx() 位置 C:\programming\Wayzim\CommonUtilities\IoTToolkit\IoTToolkit.ZTO\IoTToolkitVM.cs:行号 189
   在 Utilities.Windows.SimpleCommand.ExecuteCore(Object parameter) 位置 C:\programming\Wayzim\CommonUtilities\Utilities2\Utilities\Windows\SimpleCommand.cs:行号 162
   在 Utilities.Windows.SimpleCommand.Execute(Object parameter) 位置 C:\programming\Wayzim\CommonUtilities\Utilities2\Utilities\Windows\SimpleCommand.cs:行号 141
2024-02-21 21:18:28,560 ERROR 读取参数
IoTToolkit.ReplyTimeoutException: 等待回复超时
   在 IoTToolkit.IoTCommunicator.SendCommand(IoTCommand command, Int32 retryTimes, Nullable`1 timeout, Boolean throwTimeout) 位置 C:\programming\Wayzim\CommonUtilities\IoTToolkit\IoTToolkit.Core\IoTCommunicator.cs:行号 291
   在 IoTToolkit.IoTCommunicator.SequentiallySendCommand(IoTCommand command, Int32 retryTimes, Nullable`1 timeout, Boolean throwTimeout) 位置 C:\programming\Wayzim\CommonUtilities\IoTToolkit\IoTToolkit.Core\IoTCommunicator.cs:行号 259
   在 IoTToolkit.IoTCommunicator.SendCommand(CommandType type, Byte[] data, Int32 retryTimes, Nullable`1 timeout, Boolean throwTimeout) 位置 C:\programming\Wayzim\CommonUtilities\IoTToolkit\IoTToolkit.Core\IoTCommunicator.cs:行号 244
   在 IoTToolkit.IoTCommunicator.ReadParameterBytes(UInt16 stationNo) 位置 C:\programming\Wayzim\CommonUtilities\IoTToolkit\IoTToolkit.Core\IoTCommunicator.cs:行号 87
   在 IoTToolkit.ZTO.IoTCommunicator.ReadParameter(UInt16 stationNo) 位置 C:\programming\Wayzim\CommonUtilities\IoTToolkit\IoTToolkit.Core\IoTCommunicator.ZTO.cs:行号 49
   在 IoTToolkit.ZTO.IoTToolkitVM.ReadParameter(UInt16 id) 位置 C:\programming\Wayzim\CommonUtilities\IoTToolkit\IoTToolkit.ZTO\IoTToolkitVM.cs:行号 195
   在 IoTToolkit.ZTO.IoTToolkitVM.ReadParameterCmdEx() 位置 C:\programming\Wayzim\CommonUtilities\IoTToolkit\IoTToolkit.ZTO\IoTToolkitVM.cs:行号 189
   在 Utilities.Windows.SimpleCommand.ExecuteCore(Object parameter) 位置 C:\programming\Wayzim\CommonUtilities\Utilities2\Utilities\Windows\SimpleCommand.cs:行号 162
   在 Utilities.Windows.SimpleCommand.Execute(Object parameter) 位置 C:\programming\Wayzim\CommonUtilities\Utilities2\Utilities\Windows\SimpleCommand.cs:行号 141
2024-02-21 21:21:57,314 ERROR 'CommunicationFailed' [IoTCommunicator] 10004
System.Net.Sockets.SocketException (0x80004005): 一个封锁操作被对 WSACancelBlockingCall 的调用中断。
   在 System.Net.Sockets.Socket.ReceiveFrom(Byte[] buffer, Int32 offset, Int32 size, SocketFlags socketFlags, EndPoint& remoteEP)
   在 System.Net.Sockets.Socket.ReceiveFrom(Byte[] buffer, EndPoint& remoteEP)
   在 Utilities.Network.UDPClient.ReceiveMsg() 位置 C:\programming\Wayzim\CommonUtilities\Utilities2\Utilities\Network\UDPClient.cs:行号 121
2024-02-21 21:22:08,742 ERROR 'CommunicationFailed' [IoTCommunicator] 10004
System.Net.Sockets.SocketException (0x80004005): 一个封锁操作被对 WSACancelBlockingCall 的调用中断。
   在 System.Net.Sockets.Socket.ReceiveFrom(Byte[] buffer, Int32 offset, Int32 size, SocketFlags socketFlags, EndPoint& remoteEP)
   在 System.Net.Sockets.Socket.ReceiveFrom(Byte[] buffer, EndPoint& remoteEP)
   在 Utilities.Network.UDPClient.ReceiveMsg() 位置 C:\programming\Wayzim\CommonUtilities\Utilities2\Utilities\Network\UDPClient.cs:行号 121
